<?xml version="1.0" encoding="UTF-8"?>
<!-- Generated by org.testng.reporters.JUnitReportReporter -->
<testsuite hostname="DESKTOP-6AOHFH7" failures="0" tests="1" name="testscript.ValidLoginTest" time="0.475" errors="0" timestamp="21 Jun 2024 07:02:45 GMT" skipped="0">
  <testcase classname="testscript.ValidLoginTest" name="validLogin" time="0.475"/>
</testsuite> <!-- testscript.ValidLoginTest -->
