<?xml version="1.0" encoding="UTF-8"?>
<!-- Generated by org.testng.reporters.JUnitReportReporter -->
<testsuite hostname="DESKTOP-6AOHFH7" failures="0" tests="1" name="testscript.InvalidLoginTest" time="1.632" errors="0" timestamp="21 Jun 2024 07:02:45 GMT" skipped="0">
  <testcase classname="testscript.InvalidLoginTest" name="script1" time="1.632"/>
</testsuite> <!-- testscript.InvalidLoginTest -->
