<?xml version="1.0" encoding="UTF-8"?>
<!-- Generated by org.testng.reporters.JUnitReportReporter -->
<testsuite hostname="DESKTOP-6AOHFH7" failures="0" tests="1" name="testscript.DeleteAllProjectsCustomerTest" time="1.473" errors="0" timestamp="21 Jun 2024 07:02:45 GMT" skipped="0">
  <testcase classname="testscript.DeleteAllProjectsCustomerTest" name="deleteAll" time="1.473"/>
</testsuite> <!-- testscript.DeleteAllProjectsCustomerTest -->
