<?xml version="1.0" encoding="UTF-8"?>
<!-- Generated by org.testng.reporters.JUnitReportReporter -->
<testsuite hostname="DESKTOP-6AOHFH7" failures="0" tests="1" name="testscript.CreateCustomerAndProjectTest" time="5.434" errors="0" timestamp="21 Jun 2024 07:02:45 GMT" skipped="0">
  <testcase classname="testscript.CreateCustomerAndProjectTest" name="createCustomerAndProject" time="5.434"/>
</testsuite> <!-- testscript.CreateCustomerAndProjectTest -->
