<?xml version="1.0" encoding="UTF-8"?>
<!-- Generated by org.testng.reporters.JUnitReportReporter -->
<testsuite hostname="DESKTOP-6AOHFH7" failures="0" tests="5" name="dataprovider.WorkingDataProvider" time="9.787" errors="0" timestamp="20 Jun 2024 07:18:05 GMT" skipped="0">
  <testcase classname="dataprovider.WorkingDataProvider" name="loginWithDataProvider" time="4.039"/>
  <testcase classname="dataprovider.WorkingDataProvider" name="loginWithDataProvider" time="1.441"/>
  <testcase classname="dataprovider.WorkingDataProvider" name="loginWithDataProvider" time="1.543"/>
  <testcase classname="dataprovider.WorkingDataProvider" name="loginWithDataProvider" time="1.352"/>
  <testcase classname="dataprovider.WorkingDataProvider" name="loginWithDataProvider" time="1.412"/>
</testsuite> <!-- dataprovider.WorkingDataProvider -->
