<?xml version="1.0" encoding="UTF-8"?>
<!-- Generated by org.testng.reporters.JUnitReportReporter -->
<testsuite hostname="DESKTOP-6AOHFH7" failures="0" tests="1" name="testscript.InvalidLoginTest" time="2.662" errors="0" timestamp="20 Jun 2024 06:17:57 GMT" skipped="0">
  <testcase classname="testscript.InvalidLoginTest" name="script1" time="2.662"/>
</testsuite> <!-- testscript.InvalidLoginTest -->
